DEBUG:git.cmd:Popen(['git', 'rev-parse', '--show-toplevel'], cwd=/home/orestas41/project-FootballPredict/lithuanian-football-league-predictor, universal_newlines=False, shell=None, istream=None)
DEBUG:urllib3.connectionpool:Starting new HTTPS connection (1): api.wandb.ai:443
DEBUG:urllib3.connectionpool:https://api.wandb.ai:443 "POST /graphql HTTP/1.1" 200 None
DEBUG:urllib3.connectionpool:https://api.wandb.ai:443 "POST /graphql HTTP/1.1" 200 None
DEBUG:git.cmd:Popen(['git', 'cat-file', '--batch-check'], cwd=/home/orestas41/project-FootballPredict/lithuanian-football-league-predictor, universal_newlines=False, shell=None, istream=<valid stream>)
INFO:root:Merging multiple dataframes
INFO:root:Creating dataframe
INFO:root:Removeing rows with missing values
INFO:root:Converting Date column into datetime format
INFO:root:Sorting dataframe by date
INFO:root:Setting Date column as index
INFO:root:Checking if teams are correct. Changing if incorrect
INFO:root:Checking the teams are on the correct side. Changing if incorrect
INFO:root:Converting Results columns into separate columns for Home and Away goals
INFO:root:Encoding unique strings
INFO:root:Creating Winner column with the team that won or draw
INFO:root:Dropping unnecessary columns
INFO:root:Saving dataframe as a csv file
INFO:root:Uploading processed_data.csv file to W&B
DEBUG:urllib3.connectionpool:Starting new HTTPS connection (1): api.wandb.ai:443
DEBUG:urllib3.connectionpool:https://api.wandb.ai:443 "POST /graphql HTTP/1.1" 200 None
DEBUG:urllib3.connectionpool:Starting new HTTPS connection (1): o151352.ingest.sentry.io:443
DEBUG:urllib3.connectionpool:https://o151352.ingest.sentry.io:443 "POST /api/4504800232407040/envelope/ HTTP/1.1" 200 2
DEBUG:git.cmd:Popen(['git', 'rev-parse', '--show-toplevel'], cwd=/home/orestas41/project-FootballPredict/lithuanian-football-league-predictor, universal_newlines=False, shell=None, istream=None)
DEBUG:urllib3.connectionpool:Starting new HTTPS connection (1): api.wandb.ai:443
DEBUG:urllib3.connectionpool:https://api.wandb.ai:443 "POST /graphql HTTP/1.1" 200 1569
DEBUG:urllib3.connectionpool:https://api.wandb.ai:443 "POST /graphql HTTP/1.1" 200 344
DEBUG:git.cmd:Popen(['git', 'cat-file', '--batch-check'], cwd=/home/orestas41/project-FootballPredict/lithuanian-football-league-predictor, universal_newlines=False, shell=None, istream=<valid stream>)
INFO:root:Fetching artifact processed_data.csv:latest
DEBUG:urllib3.connectionpool:Starting new HTTPS connection (1): api.wandb.ai:443
DEBUG:urllib3.connectionpool:https://api.wandb.ai:443 "POST /graphql HTTP/1.1" 200 396
DEBUG:urllib3.connectionpool:Starting new HTTPS connection (1): api.wandb.ai:443
DEBUG:urllib3.connectionpool:https://api.wandb.ai:443 "POST /graphql HTTP/1.1" 200 118
DEBUG:urllib3.connectionpool:https://api.wandb.ai:443 "POST /graphql HTTP/1.1" 200 184
DEBUG:urllib3.connectionpool:https://api.wandb.ai:443 "POST /graphql HTTP/1.1" 200 563
DEBUG:urllib3.connectionpool:Starting new HTTPS connection (1): storage.googleapis.com:443
DEBUG:urllib3.connectionpool:https://storage.googleapis.com:443 "GET /wandb-production.appspot.com/orestas41/project-FootballPredict/iiwnz26x/artifact/468641402/wandb_manifest.json?Expires=1685295778&GoogleAccessId=wandb-production%40appspot.gserviceaccount.com&Signature=Zsvt0Sup%2BUxmXY9pKk1eNUeCrbTG3PKOH9koDuQXivVY5aLfAkqXlsSzmzRE6WlETc8UnlNY2pfbTFZJh65rhzsAN5YshRhaSmv7Y56FsAf1Wqkn548AoBjMcSoY%2B7ZqLpGcALak2tYbPUerywcQ1jgewSV3E8gugnDvnHOL0iOzz1Mw%2FpJt%2BFvNbyewqK6ld0UD23xDYH2tKen5mIcm%2B2dBcJUGoMj6pv2K3MlMMHeuvzH%2BhBfrz4ak%2F%2FBk1ViKEWiX36nmyg6u%2BKp4howJhKERcjFlJWCx5TZECCA1fggRhZcnyrwJIBVDWMyEVHaZ6SyWrDso%2BZgEBuhCuGtpqw%3D%3D HTTP/1.1" 200 336
INFO:root:Splitting trainval and test
INFO:root:Uploading trainval_data.csv dataset
DEBUG:urllib3.connectionpool:Starting new HTTPS connection (1): api.wandb.ai:443
DEBUG:urllib3.connectionpool:https://api.wandb.ai:443 "POST /graphql HTTP/1.1" 200 62
DEBUG:urllib3.connectionpool:Starting new HTTPS connection (1): api.wandb.ai:443
DEBUG:urllib3.connectionpool:https://api.wandb.ai:443 "POST /graphql HTTP/1.1" 200 883
DEBUG:urllib3.connectionpool:Starting new HTTPS connection (1): storage.googleapis.com:443
DEBUG:urllib3.connectionpool:https://storage.googleapis.com:443 "GET /wandb-production.appspot.com/orestas41/project-FootballPredict/ope5cgvu/artifact/468851968/wandb_manifest.json?Expires=1685295785&GoogleAccessId=wandb-production%40appspot.gserviceaccount.com&Signature=gx%2BN6EAoMVT2tIRk7H05V8OF4CSvq7rC6wVt1YYlB4pbgFHHw0FDGggSbdGzI30CQz2v3JMLaTVGAC5yDtLHj9%2FfcaR71o8K9EdxrD884dBEIqJMosflhUi1WhHjYmp3NnLMn%2B9Gu%2F57GoaNQ3Y5lqAloVh6KbXdPldzZ%2BxKzzlNq8j35W%2FvoDfhVztnY77TE6eApUkCyXdcoSczG20FeS7pDx6XrV3gHA61MDztWysKiVBPjH4LuFALbbPS3OJh10vcI0N8JCbtlnRBiSp8tvdBCVhuHQmzodd1G9Iih7d2VXiABM2Uv1oZNYhhLzDK%2BUs5KCd%2BoxHo6QjEakN3fg%3D%3D HTTP/1.1" 200 329
INFO:root:Uploading test_data.csv dataset
DEBUG:urllib3.connectionpool:Starting new HTTPS connection (1): api.wandb.ai:443
DEBUG:urllib3.connectionpool:https://api.wandb.ai:443 "POST /graphql HTTP/1.1" 200 59
DEBUG:urllib3.connectionpool:Starting new HTTPS connection (1): api.wandb.ai:443
DEBUG:urllib3.connectionpool:https://api.wandb.ai:443 "POST /graphql HTTP/1.1" 200 882
DEBUG:urllib3.connectionpool:Starting new HTTPS connection (1): storage.googleapis.com:443
DEBUG:urllib3.connectionpool:https://storage.googleapis.com:443 "GET /wandb-production.appspot.com/orestas41/project-FootballPredict/ope5cgvu/artifact/468852031/wandb_manifest.json?Expires=1685295794&GoogleAccessId=wandb-production%40appspot.gserviceaccount.com&Signature=KFy%2FnIDQ3N5s3q91O0DtyRZ8H4PdCdd3GTTciko2qHM9NndGl0%2BnUEfKOw7Dzte3wfiStvVcxFMHXNC1W7V6lbTMF7Kw%2B10Mbtc7FejNonhRw74mqJ%2FK%2BCP7OCBjNX6nTFCAfnt8QYTQwAAsR4MZlWUVzFjtRPDQD8FJrwU%2F0nZolNyDL0dT0yJhlp3dKh3xL9OYbiQ9QO7pGeUFnHJbD8P5b93P7JxBc2AlabA6rexGlvcCkxQYs6zUBIxlEhCrtVp%2F6a5rpVoGik6J0cEhxgdPHaZx7NM%2F1UEMtyaGWbcpusXzOn8GdXDcwhI%2BoJmEkXaJxLXozxfilNNRQFIjDg%3D%3D HTTP/1.1" 200 328
DEBUG:urllib3.connectionpool:Starting new HTTPS connection (1): o151352.ingest.sentry.io:443
DEBUG:urllib3.connectionpool:https://o151352.ingest.sentry.io:443 "POST /api/4504800232407040/envelope/ HTTP/1.1" 200 2
DEBUG:git.cmd:Popen(['git', 'rev-parse', '--show-toplevel'], cwd=/home/orestas41/project-FootballPredict/lithuanian-football-league-predictor, universal_newlines=False, shell=None, istream=None)
DEBUG:urllib3.connectionpool:Starting new HTTPS connection (1): api.wandb.ai:443
DEBUG:urllib3.connectionpool:https://api.wandb.ai:443 "POST /graphql HTTP/1.1" 200 1569
DEBUG:urllib3.connectionpool:https://api.wandb.ai:443 "POST /graphql HTTP/1.1" 200 344
DEBUG:git.cmd:Popen(['git', 'cat-file', '--batch-check'], cwd=/home/orestas41/project-FootballPredict/lithuanian-football-league-predictor, universal_newlines=False, shell=None, istream=<valid stream>)
DEBUG:urllib3.connectionpool:Starting new HTTPS connection (1): api.wandb.ai:443
DEBUG:urllib3.connectionpool:https://api.wandb.ai:443 "POST /graphql HTTP/1.1" 200 388
DEBUG:urllib3.connectionpool:Starting new HTTPS connection (1): api.wandb.ai:443
DEBUG:urllib3.connectionpool:https://api.wandb.ai:443 "POST /graphql HTTP/1.1" 200 118
DEBUG:urllib3.connectionpool:https://api.wandb.ai:443 "POST /graphql HTTP/1.1" 200 187
DEBUG:urllib3.connectionpool:https://api.wandb.ai:443 "POST /graphql HTTP/1.1" 200 562
DEBUG:urllib3.connectionpool:Starting new HTTPS connection (1): storage.googleapis.com:443
DEBUG:urllib3.connectionpool:https://storage.googleapis.com:443 "GET /wandb-production.appspot.com/orestas41/project-FootballPredict/ope5cgvu/artifact/468851968/wandb_manifest.json?Expires=1685295831&GoogleAccessId=wandb-production%40appspot.gserviceaccount.com&Signature=iGhqEX1HR7G6YWYbvF%2FXpq836v6I3LWwsyAKar%2FzXwrL8jgew3CrbddIRmAmyzmAC0rbyIfRkxOSfjW4JWxBgkyNNcbUSkcOEiN6qL4oN46D9Slkm%2B3pO8404G62bkrUH4KSWrhY4k14rPiH3TysNtl2DVFAJ10duwLYhwN1OQ3j7qsi5eojkEvnYMKTTxxyk%2BjCGg%2FqImiXGfiPGPb3XLIaBCO4TTkR4F2KEJjYmolVHMzi%2Bnpo4VTeBjdpszW0jhoGiEkmjDq75oRu572%2B52%2F48urjGajPge7TwHW2m46zBXudjKdRdxr%2Bq2qMrZbdbSnBAygiwDLAxAFUy2Rpsw%3D%3D HTTP/1.1" 200 329
INFO:root:Number of outcomes: 3
INFO:root:Preparing XGBoost pipeline
INFO:root:Fitting
INFO:root:Scoring
INFO:root:Score: 0.9944652488577145
INFO:root:MAE: 0.008849557522123894
INFO:root:Exporting model
INFO:root:Saving and exporting the model
DEBUG:urllib3.connectionpool:Starting new HTTPS connection (1): api.wandb.ai:443
DEBUG:urllib3.connectionpool:https://api.wandb.ai:443 "POST /graphql HTTP/1.1" 200 64
DEBUG:urllib3.connectionpool:Starting new HTTPS connection (1): o151352.ingest.sentry.io:443
DEBUG:urllib3.connectionpool:https://o151352.ingest.sentry.io:443 "POST /api/4504800232407040/envelope/ HTTP/1.1" 200 2
DEBUG:git.cmd:Popen(['git', 'rev-parse', '--show-toplevel'], cwd=/home/orestas41/project-FootballPredict/lithuanian-football-league-predictor, universal_newlines=False, shell=None, istream=None)
DEBUG:urllib3.connectionpool:Starting new HTTPS connection (1): api.wandb.ai:443
DEBUG:urllib3.connectionpool:https://api.wandb.ai:443 "POST /graphql HTTP/1.1" 200 1569
DEBUG:urllib3.connectionpool:https://api.wandb.ai:443 "POST /graphql HTTP/1.1" 200 344
DEBUG:git.cmd:Popen(['git', 'cat-file', '--batch-check'], cwd=/home/orestas41/project-FootballPredict/lithuanian-football-league-predictor, universal_newlines=False, shell=None, istream=<valid stream>)
INFO:root:Downloading artifacts
DEBUG:urllib3.connectionpool:Starting new HTTPS connection (1): api.wandb.ai:443
DEBUG:urllib3.connectionpool:https://api.wandb.ai:443 "POST /graphql HTTP/1.1" 200 479
DEBUG:urllib3.connectionpool:Starting new HTTPS connection (1): api.wandb.ai:443
DEBUG:urllib3.connectionpool:https://api.wandb.ai:443 "POST /graphql HTTP/1.1" 200 118
DEBUG:urllib3.connectionpool:https://api.wandb.ai:443 "POST /graphql HTTP/1.1" 200 254
DEBUG:urllib3.connectionpool:https://api.wandb.ai:443 "POST /graphql HTTP/1.1" 200 575
DEBUG:urllib3.connectionpool:Starting new HTTPS connection (1): storage.googleapis.com:443
DEBUG:urllib3.connectionpool:https://storage.googleapis.com:443 "GET /wandb-production.appspot.com/orestas41/project-FootballPredict/gkrgg82b/artifact/468811849/wandb_manifest.json?Expires=1685295874&GoogleAccessId=wandb-production%40appspot.gserviceaccount.com&Signature=gFmYzLmgXuJKvdW4f2RX4Dcy%2FG7%2BSKyHM4fkLyU1GIteWLVMBDbqGY9%2FGYiqxJTqBtQwCrFSGqPwLsAjSJrqs5OcaWZdW%2BTVTIvy3gPFo54NLXs2W2lyjSnAVp8gIkIUaA0y%2Bx%2FZgodDwS6f8ZZBuhFL03qdnIVapLG%2BIyJ2amb90RsvFir6t%2FZ3XBYeaWyAxShg%2BtuK0GCvFiWaN54%2BVKnsLsxshx3oOUtcvPx4oI8s8gOpunmd5F75ZC%2B%2FdX%2Bt1JFqmIyoa7i8xCs%2FXxgBbBlJilYilnAEwBdGlxARKWFzdhpIGsduf41HBAfJBwOo7VdWcVsHZP%2FUjJ2Fz7CUNw%3D%3D HTTP/1.1" 200 833
DEBUG:urllib3.connectionpool:Starting new HTTPS connection (1): api.wandb.ai:443
DEBUG:urllib3.connectionpool:https://api.wandb.ai:443 "POST /graphql HTTP/1.1" 200 386
DEBUG:urllib3.connectionpool:Starting new HTTPS connection (1): api.wandb.ai:443
DEBUG:urllib3.connectionpool:https://api.wandb.ai:443 "POST /graphql HTTP/1.1" 200 118
DEBUG:urllib3.connectionpool:https://api.wandb.ai:443 "POST /graphql HTTP/1.1" 200 184
DEBUG:urllib3.connectionpool:https://api.wandb.ai:443 "POST /graphql HTTP/1.1" 200 564
DEBUG:urllib3.connectionpool:Starting new HTTPS connection (1): storage.googleapis.com:443
DEBUG:urllib3.connectionpool:https://storage.googleapis.com:443 "GET /wandb-production.appspot.com/orestas41/project-FootballPredict/ope5cgvu/artifact/468852031/wandb_manifest.json?Expires=1685295879&GoogleAccessId=wandb-production%40appspot.gserviceaccount.com&Signature=pi8LqOCBU8JajdAZB1QAWjPUVYvpFM0ep%2BMD7vPBRpv0KeIDOeOj%2BjHdp2Ku%2Bt%2BSMf68IRQX%2F5hvakmCNjfKPpMcHbC3q1jhF8QjBTdKoL4X59N6A88dkyR0BWS5P%2Bgxdz6EXPUD3duHTukPcZQ9H1%2BPcbYCmsib1rT4cnWjl6jNK4Ylo6pFMLeS6WxjfbwQdi86KP2jZSat2JJ2DgEVYezh9JxzL1L38Ei60YCiF2mVXmth1IiYd1f%2Fy1YTOGGE9XA4XMgEKvv%2BL3cDAqY%2F5pYjIIsI4oP8Fhs2pYrC%2BFCAcNWjBZu1FtRlpXzu%2F8yLmLYd9f9RVKBB5%2FnHW7lS8Q%3D%3D HTTP/1.1" 200 328
INFO:root:Loading model and performing inference on test set
INFO:root:Scoring
INFO:root:Score: 0.9999957054262663
INFO:root:MAE: 0.0
INFO:root:MAE of slices: {3: 0.0, 2: 0.0, 1: 0.0}
INFO:root:Raw comparison: True
INFO:root:Parametric significance: False
INFO:root:Non-parametric outlier: False
DEBUG:urllib3.connectionpool:Starting new HTTPS connection (1): o151352.ingest.sentry.io:443
DEBUG:urllib3.connectionpool:https://o151352.ingest.sentry.io:443 "POST /api/4504800232407040/envelope/ HTTP/1.1" 200 2
