INFO:root:1 - Running data scrape step
INFO:root:Configuring webdriver
INFO:root:Setting browser
INFO:root:Opening website
INFO:root:Scraping the data
INFO:root:Scraping finished
INFO:root:7 - Running tour evaluation and prediction step
INFO:root:Configuring webdriver
INFO:root:Setting browser
INFO:root:Opening website
INFO:root:Scraping the data
INFO:root:7 - Running tour evaluation and prediction step
INFO:root:Configuring webdriver
INFO:root:Setting browser
INFO:root:Opening website
INFO:root:Scraping the data
INFO:root:7 - Running tour evaluation and prediction step
INFO:root:Configuring webdriver
INFO:root:Setting browser
INFO:root:Opening website
INFO:root:Scraping the data
INFO:root:7 - Running tour evaluation and prediction step
INFO:root:Configuring webdriver
INFO:root:Setting browser
INFO:root:Opening website
INFO:root:Scraping the data
INFO:root:7 - Running tour evaluation and prediction step
INFO:root:Configuring webdriver
INFO:root:Setting browser
INFO:root:Opening website
INFO:root:Scraping the data
INFO:root:7 - Running tour evaluation and prediction step
INFO:root:Configuring webdriver
INFO:root:Setting browser
INFO:root:Opening website
INFO:root:Scraping the data
INFO:root:7 - Running tour evaluation and prediction step
INFO:root:Configuring webdriver
INFO:root:Setting browser
INFO:root:Opening website
INFO:root:Scraping the data
INFO:root:7 - Running tour evaluation and prediction step
INFO:root:Configuring webdriver
INFO:root:Setting browser
INFO:root:Opening website
INFO:root:Scraping the data
INFO:root:Dropping unnecessary columns
INFO:root:Scraping the data
INFO:root:7 - Running tour evaluation and prediction step
INFO:root:Configuring webdriver
INFO:root:Setting browser
INFO:root:Opening website
INFO:root:Scraping the data
INFO:root:Dropping unnecessary columns
INFO:root:Scraping the data
INFO:root:7 - Running tour evaluation and prediction step
INFO:root:Configuring webdriver
INFO:root:Setting browser
INFO:root:Opening website
INFO:root:Scraping the data
INFO:root:Dropping unnecessary columns
INFO:root:Scraping the data
INFO:root:7 - Running tour evaluation and prediction step
INFO:root:Configuring webdriver
INFO:root:Setting browser
INFO:root:Opening website
INFO:root:Scraping the data
INFO:root:Dropping unnecessary columns
INFO:root:Scraping the data
INFO:root:7 - Running tour evaluation and prediction step
INFO:root:Configuring webdriver
INFO:root:Setting browser
INFO:root:Opening website
INFO:root:Scraping the data
INFO:root:Dropping unnecessary columns
INFO:root:Scraping the data
INFO:root:7 - Running tour evaluation and prediction step
INFO:root:Configuring webdriver
INFO:root:Setting browser
INFO:root:Opening website
INFO:root:Scraping the data
INFO:root:Dropping unnecessary columns
INFO:root:Scraping the data
INFO:root:Scraping finished
INFO:root:7 - Running tour evaluation and prediction step
INFO:root:Configuring webdriver
INFO:root:Setting browser
INFO:root:Opening website
INFO:root:Scraping the data
INFO:root:Dropping unnecessary columns
INFO:root:Scraping the data
INFO:root:7 - Running tour evaluation and prediction step
INFO:root:Configuring webdriver
INFO:root:Setting browser
INFO:root:Opening website
INFO:root:Scraping the data
INFO:root:Dropping unnecessary columns
INFO:root:Scraping the data
INFO:root:7 - Running tour evaluation and prediction step
INFO:root:Configuring webdriver
INFO:root:Setting browser
INFO:root:Opening website
INFO:root:Scraping the data
INFO:root:Dropping unnecessary columns
INFO:root:Scraping the data
INFO:root:Scraping finished
INFO:root:1 - Running data scrape step
INFO:root:Configuring webdriver
INFO:root:Setting browser
INFO:root:Opening website
INFO:root:Scraping the data
INFO:root:Scraping finished
INFO:root:2 - Running pre-processing step
INFO:root:Merging multiple dataframes
INFO:root:Creating dataframe
INFO:root:Adding headers
INFO:root:Removeing rows with missing values
INFO:root:Converting Date column into datetime format
INFO:root:Sorting dataframe by date
INFO:root:Setting Date column as index
INFO:root:Converting Results columns into separate columns for Home and Away goals
INFO:root:Encoding unique strings
INFO:root:Creating Winner column with the team that won or draw
INFO:root:Dropping unnecessary columns
INFO:root:Saving dataframe as a csv file
INFO:root:Uploading processed_data.csv file to W&B
INFO:root:Finished pre-processing
INFO:root:4 - Running data segregation step
INFO:root:Fetching artifact processed_data.csv:latest
INFO:root:Splitting data into trainval and test
INFO:root:Uploading trainval_data.csv dataset
INFO:root:Uploading test_data.csv dataset
INFO:root:Finished data segregation
INFO:root:5 - Running training and validation step
INFO:root:Fetching trainval data and setting it as dataframe
INFO:root:Setting winner column as target
INFO:root:Number of outcomes: 3
INFO:root:Preparing Linear Regression pipeline
INFO:root:Fitting
INFO:root:Scoring
INFO:root:Score: 0.23026813145840141
INFO:root:MAE: 0.3456691445784275
INFO:root:Exporting model
INFO:root:Saving and exporting the model
INFO:root:Finished training and valdiation
INFO:root:7 - Running tour evaluation and prediction step
INFO:root:Configuring webdriver
INFO:root:Setting browser
INFO:root:Opening website
INFO:root:Scraping the data
INFO:root:Dropping unnecessary columns
INFO:root:Scraping the data
INFO:root:7 - Running tour evaluation and prediction step
INFO:root:Configuring webdriver
INFO:root:Setting browser
INFO:root:Opening website
INFO:root:Scraping the data
INFO:root:Dropping unnecessary columns
INFO:root:Scraping the data
INFO:root:7 - Running tour evaluation and prediction step
INFO:root:Configuring webdriver
INFO:root:Setting browser
INFO:root:Opening website
INFO:root:Scraping the data
INFO:root:Dropping unnecessary columns
INFO:root:Scraping the data
INFO:root:7 - Running tour evaluation and prediction step
INFO:root:Configuring webdriver
INFO:root:Setting browser
INFO:root:Opening website
INFO:root:Scraping the data
INFO:root:Dropping unnecessary columns
INFO:root:Scraping the data
INFO:root:7 - Running tour evaluation and prediction step
INFO:root:Configuring webdriver
INFO:root:Setting browser
INFO:root:Opening website
INFO:root:Scraping the data
INFO:root:Dropping unnecessary columns
INFO:root:Scraping the data
INFO:root:7 - Running tour evaluation and prediction step
INFO:root:Configuring webdriver
INFO:root:Setting browser
INFO:root:Opening website
INFO:root:Scraping the data
INFO:root:Dropping unnecessary columns
INFO:root:Scraping the data
INFO:root:7 - Running tour evaluation and prediction step
INFO:root:Configuring webdriver
INFO:root:Setting browser
INFO:root:Opening website
INFO:root:Scraping the data
INFO:root:Dropping unnecessary columns
INFO:root:Scraping the data
INFO:root:7 - Running tour evaluation and prediction step
INFO:root:Configuring webdriver
INFO:root:Setting browser
INFO:root:Opening website
INFO:root:Scraping the data
INFO:root:Dropping unnecessary columns
INFO:root:Scraping the data
INFO:root:7 - Running tour evaluation and prediction step
INFO:root:Configuring webdriver
INFO:root:Setting browser
INFO:root:Opening website
INFO:root:Scraping the data
INFO:root:Dropping unnecessary columns
INFO:root:Scraping the data
INFO:root:7 - Running tour evaluation and prediction step
INFO:root:Configuring webdriver
INFO:root:Setting browser
INFO:root:Opening website
INFO:root:Scraping the data
INFO:root:Dropping unnecessary columns
INFO:root:Scraping the data
INFO:root:7 - Running tour evaluation and prediction step
INFO:root:Configuring webdriver
INFO:root:Setting browser
INFO:root:Opening website
INFO:root:Scraping the data
INFO:root:Dropping unnecessary columns
INFO:root:Scraping the data
INFO:root:Scraping finished
INFO:root:7 - Running tour evaluation and prediction step
INFO:root:Configuring webdriver
INFO:root:Setting browser
INFO:root:Opening website
INFO:root:Scraping the data
INFO:root:Dropping unnecessary columns
INFO:root:Scraping the data
INFO:root:7 - Running tour evaluation and prediction step
INFO:root:Configuring webdriver
INFO:root:Setting browser
INFO:root:Opening website
INFO:root:Scraping the data
INFO:root:Dropping unnecessary columns
INFO:root:Scraping the data
INFO:root:Scraping finished
INFO:root:7 - Running tour evaluation and prediction step
INFO:root:Configuring webdriver
INFO:root:Setting browser
INFO:root:Opening website
INFO:root:Scraping the data
INFO:root:Dropping unnecessary columns
INFO:root:Scraping the data
INFO:root:Scraping finished
INFO:root:7 - Running tour evaluation and prediction step
INFO:root:Configuring webdriver
INFO:root:Setting browser
INFO:root:Opening website
INFO:root:Scraping the data
INFO:root:Dropping unnecessary columns
INFO:root:Scraping the data
INFO:root:Scraping finished
INFO:root:7 - Running tour evaluation and prediction step
INFO:root:Configuring webdriver
INFO:root:Setting browser
INFO:root:Opening website
INFO:root:Scraping the data
INFO:root:Dropping unnecessary columns
INFO:root:Scraping the data
INFO:root:7 - Running tour evaluation and prediction step
INFO:root:Configuring webdriver
INFO:root:Setting browser
INFO:root:Opening website
INFO:root:Scraping the data
INFO:root:Dropping unnecessary columns
INFO:root:Scraping the data
INFO:root:7 - Running tour evaluation and prediction step
INFO:root:Configuring webdriver
INFO:root:Setting browser
INFO:root:Opening website
INFO:root:Scraping the data
INFO:root:7 - Running tour evaluation and prediction step
INFO:root:Configuring webdriver
INFO:root:Setting browser
INFO:root:Opening website
INFO:root:7 - Running tour evaluation and prediction step
INFO:root:Configuring webdriver
INFO:root:Setting browser
INFO:root:Opening website
INFO:root:Scraping the data
INFO:root:Dropping unnecessary columns
INFO:root:Scraping the data
INFO:root:7 - Running tour evaluation and prediction step
INFO:root:Configuring webdriver
INFO:root:Setting browser
INFO:root:Opening website
INFO:root:Scraping the data
INFO:root:7 - Running tour evaluation and prediction step
INFO:root:Configuring webdriver
INFO:root:Setting browser
INFO:root:Opening website
INFO:root:Scraping the data
INFO:root:Dropping unnecessary columns
INFO:root:Scraping the data
INFO:root:7 - Running tour evaluation and prediction step
INFO:root:Configuring webdriver
INFO:root:Setting browser
INFO:root:Opening website
INFO:root:Scraping the data
INFO:root:7 - Running tour evaluation and prediction step
INFO:root:Configuring webdriver
INFO:root:Setting browser
INFO:root:Opening website
INFO:root:Scraping the data
INFO:root:2 - Running pre-processing step
INFO:root:Merging multiple dataframes
INFO:root:Creating dataframe
INFO:root:Adding headers
INFO:root:Removeing rows with missing values
INFO:root:Converting Date column into datetime format
INFO:root:Sorting dataframe by date
INFO:root:Setting Date column as index
INFO:root:Converting Results columns into separate columns for Home and Away goals
INFO:root:Encoding unique strings
INFO:root:Creating Winner column with the team that won or draw
INFO:root:Dropping unnecessary columns
INFO:root:Saving dataframe as a csv file
INFO:root:Uploading processed_data.csv file to W&B
INFO:root:Finished pre-processing
INFO:root:7 - Running tour evaluation and prediction step
INFO:root:Configuring webdriver
INFO:root:Setting browser
INFO:root:Opening website
INFO:root:7 - Running tour evaluation and prediction step
INFO:root:Configuring webdriver
INFO:root:Setting browser
INFO:root:Opening website
INFO:root:Scraping the data
INFO:root:Dropping unnecessary columns
INFO:root:Scraping the data
INFO:root:7 - Running tour evaluation and prediction step
INFO:root:Configuring webdriver
INFO:root:Setting browser
INFO:root:Opening website
INFO:root:Scraping the data
INFO:root:Dropping unnecessary columns
INFO:root:7 - Running tour evaluation and prediction step
INFO:root:Configuring webdriver
INFO:root:Setting browser
INFO:root:Opening website
INFO:root:Scraping the data
INFO:root:Dropping unnecessary columns
INFO:root:Scraping the data
INFO:root:7 - Running tour evaluation and prediction step
INFO:root:Configuring webdriver
INFO:root:Setting browser
INFO:root:Opening website
INFO:root:Scraping the data
INFO:root:Dropping unnecessary columns
INFO:root:7 - Running tour evaluation and prediction step
INFO:root:Configuring webdriver
INFO:root:Setting browser
INFO:root:Opening website
INFO:root:Scraping the data
INFO:root:Dropping unnecessary columns
INFO:root:Scraping the data
INFO:root:7 - Running tour evaluation and prediction step
INFO:root:Configuring webdriver
INFO:root:Setting browser
INFO:root:Opening website
INFO:root:Scraping the data
INFO:root:Dropping unnecessary columns
INFO:root:7 - Running tour evaluation and prediction step
INFO:root:Configuring webdriver
INFO:root:Setting browser
INFO:root:Opening website
INFO:root:Scraping the data
INFO:root:Dropping unnecessary columns
INFO:root:Scraping the data
INFO:root:Scraping finished
INFO:root:7 - Running tour evaluation and prediction step
INFO:root:Configuring webdriver
INFO:root:Setting browser
INFO:root:Opening website
INFO:root:Scraping the data
INFO:root:Dropping unnecessary columns
INFO:root:7 - Running tour evaluation and prediction step
INFO:root:Configuring webdriver
INFO:root:Setting browser
INFO:root:Opening website
INFO:root:Scraping the data
INFO:root:Dropping unnecessary columns
INFO:root:7 - Running tour evaluation and prediction step
INFO:root:Configuring webdriver
INFO:root:Setting browser
INFO:root:Opening website
INFO:root:Scraping the data
INFO:root:Dropping unnecessary columns
INFO:root:7 - Running tour evaluation and prediction step
INFO:root:Configuring webdriver
INFO:root:Setting browser
INFO:root:Opening website
INFO:root:Scraping the data
INFO:root:Dropping unnecessary columns
INFO:root:7 - Running tour evaluation and prediction step
INFO:root:Configuring webdriver
INFO:root:Setting browser
INFO:root:Opening website
INFO:root:Scraping the data
INFO:root:Dropping unnecessary columns
INFO:root:7 - Running tour evaluation and prediction step
INFO:root:Configuring webdriver
INFO:root:Setting browser
INFO:root:Opening website
INFO:root:Scraping the data
INFO:root:Dropping unnecessary columns
INFO:root:7 - Running tour evaluation and prediction step
INFO:root:Configuring webdriver
INFO:root:Setting browser
INFO:root:Opening website
INFO:root:Scraping the data
INFO:root:Dropping unnecessary columns
INFO:root:Scraping the data
INFO:root:Scraping finished
INFO:root:7 - Running tour evaluation and prediction step
INFO:root:Configuring webdriver
INFO:root:Setting browser
INFO:root:Opening website
INFO:root:Scraping the data
INFO:root:Dropping unnecessary columns
INFO:root:7 - Running tour evaluation and prediction step
INFO:root:Configuring webdriver
INFO:root:Setting browser
INFO:root:Opening website
INFO:root:Scraping the data
INFO:root:Dropping unnecessary columns
INFO:root:Scraping the data
INFO:root:Scraping finished
