INFO:root:Configuring webdriver
INFO:root:Setting browser
INFO:root:Opening website
INFO:root:Scraping the data
INFO:root:Scraping finished
INFO:root:Configuring webdriver
INFO:root:Setting browser
INFO:root:Opening website
INFO:root:Scraping the data
INFO:root:Scraping finished
DEBUG:git.cmd:Popen(['git', 'rev-parse', '--show-toplevel'], cwd=/home/orestas41/project-FootballPredict/lithuanian-football-league-predictor, universal_newlines=False, shell=None, istream=None)
DEBUG:urllib3.connectionpool:Starting new HTTPS connection (1): api.wandb.ai:443
DEBUG:urllib3.connectionpool:https://api.wandb.ai:443 "POST /graphql HTTP/1.1" 200 None
DEBUG:urllib3.connectionpool:https://api.wandb.ai:443 "POST /graphql HTTP/1.1" 200 None
DEBUG:git.cmd:Popen(['git', 'cat-file', '--batch-check'], cwd=/home/orestas41/project-FootballPredict/lithuanian-football-league-predictor, universal_newlines=False, shell=None, istream=<valid stream>)
INFO:root:Merging multiple dataframes
INFO:root:Creating dataframe
INFO:root:Adding headers
INFO:root:Removeing rows with missing values
INFO:root:Converting Date column into datetime format
INFO:root:Sorting dataframe by date
INFO:root:Setting Date column as index
INFO:root:Converting Results columns into separate columns for Home and Away goals
INFO:root:Encoding unique strings
DEBUG:urllib3.connectionpool:Starting new HTTPS connection (1): api.wandb.ai:443
DEBUG:urllib3.connectionpool:https://api.wandb.ai:443 "POST /graphql HTTP/1.1" 200 None
INFO:root:Creating Winner column with the team that won or draw
INFO:root:Dropping unnecessary columns
INFO:root:Saving dataframe as a csv file
INFO:root:Uploading processed_data.csv file to W&B
DEBUG:urllib3.connectionpool:Starting new HTTPS connection (1): api.wandb.ai:443
DEBUG:urllib3.connectionpool:https://api.wandb.ai:443 "POST /graphql HTTP/1.1" 200 None
DEBUG:urllib3.connectionpool:Starting new HTTPS connection (1): o151352.ingest.sentry.io:443
DEBUG:urllib3.connectionpool:https://o151352.ingest.sentry.io:443 "POST /api/4504800232407040/envelope/ HTTP/1.1" 200 2
DEBUG:git.cmd:Popen(['git', 'rev-parse', '--show-toplevel'], cwd=/home/orestas41/project-FootballPredict/lithuanian-football-league-predictor, universal_newlines=False, shell=None, istream=None)
DEBUG:urllib3.connectionpool:Starting new HTTPS connection (1): api.wandb.ai:443
DEBUG:urllib3.connectionpool:https://api.wandb.ai:443 "POST /graphql HTTP/1.1" 200 1574
DEBUG:urllib3.connectionpool:https://api.wandb.ai:443 "POST /graphql HTTP/1.1" 200 344
DEBUG:git.cmd:Popen(['git', 'cat-file', '--batch-check'], cwd=/home/orestas41/project-FootballPredict/lithuanian-football-league-predictor, universal_newlines=False, shell=None, istream=<valid stream>)
INFO:root:Fetching artifact processed_data.csv:latest
DEBUG:urllib3.connectionpool:Starting new HTTPS connection (1): api.wandb.ai:443
DEBUG:urllib3.connectionpool:https://api.wandb.ai:443 "POST /graphql HTTP/1.1" 200 388
DEBUG:urllib3.connectionpool:Starting new HTTPS connection (1): api.wandb.ai:443
DEBUG:urllib3.connectionpool:https://api.wandb.ai:443 "POST /graphql HTTP/1.1" 200 118
DEBUG:urllib3.connectionpool:https://api.wandb.ai:443 "POST /graphql HTTP/1.1" 200 185
DEBUG:urllib3.connectionpool:https://api.wandb.ai:443 "POST /graphql HTTP/1.1" 200 567
DEBUG:urllib3.connectionpool:Starting new HTTPS connection (1): storage.googleapis.com:443
DEBUG:urllib3.connectionpool:https://storage.googleapis.com:443 "GET /wandb-production.appspot.com/orestas41/project-FootballPredict/3td1o9zp/artifact/472644538/wandb_manifest.json?Expires=1685607109&GoogleAccessId=wandb-production%40appspot.gserviceaccount.com&Signature=nhgN3g2BB%2FSftefXQmB7qN8PL1TqaQ3ItLqgz7JWa%2FubX4kssQ%2FtV6awg%2FnpqDU6aPZ9o4O31We3xVZtO6u6Yqo%2F4Jxa6kYqzjrFV%2Besy9kHB%2BTBrV8ON8uaYILIacO5GJGl0FjczA3wLR%2FAC7ABdS8puCnDhWuuchzBkNuat8OML0ezisQljZBSaJHVXfszjRCm7PGtdieokB%2FDhtl%2BIGSkjykQWTbTaMlN2YWjvKv04nQT8sROGrZvK0ogi54BsVjbVShGI%2B6OFLe6dLQxPpOKA72sfiA5lyBweu8bAnlyFYRfCE5RiUIiAOvByrxMMKoedJ4fjYPr%2BRQ23QAPiw%3D%3D HTTP/1.1" 200 336
INFO:root:Splitting trainval and test
INFO:root:Uploading trainval_data.csv dataset
DEBUG:urllib3.connectionpool:Starting new HTTPS connection (1): api.wandb.ai:443
DEBUG:urllib3.connectionpool:https://api.wandb.ai:443 "POST /graphql HTTP/1.1" 200 62
DEBUG:urllib3.connectionpool:Starting new HTTPS connection (1): api.wandb.ai:443
DEBUG:urllib3.connectionpool:https://api.wandb.ai:443 "POST /graphql HTTP/1.1" 200 901
DEBUG:urllib3.connectionpool:Starting new HTTPS connection (1): storage.googleapis.com:443
DEBUG:urllib3.connectionpool:https://storage.googleapis.com:443 "GET /wandb-production.appspot.com/orestas41/project-FootballPredict/28ehjqb9/artifact/473391460/wandb_manifest.json?Expires=1685607114&GoogleAccessId=wandb-production%40appspot.gserviceaccount.com&Signature=Su7anezjMT49NIyg5H5kDVoSwPUk%2BUegn%2FAP3FfwHnfHLLQUXG3ydimZfj8GlLZQcuvHh9IvC2fLA%2Bt7AD9lRfzYchQU9vECb%2FAVt2BdqcTjHyBfp0pWPSHSLEyJsd47HM22NRRN9%2Bet%2BgS%2FlhC0aps00GSCuwpaVMpHgVQ56xto%2BPOWZRjCZLhCB5y64QJ%2Ft9UL021YkKXGXtgYosHd9xdVhy1PTQvfN6%2Fi9YjXguOBL2rkytJy1MgcMimre7htDE4SeH%2FXQPQKwO3%2BCCUNlIg4j2QLuvBbp4lpRM%2FXJSnzrYxlDWqMHxqUGp3Awx436gNZ%2BXnnL%2BYfA2uGwSKJIw%3D%3D HTTP/1.1" 200 329
INFO:root:Uploading test_data.csv dataset
DEBUG:urllib3.connectionpool:Starting new HTTPS connection (1): api.wandb.ai:443
DEBUG:urllib3.connectionpool:https://api.wandb.ai:443 "POST /graphql HTTP/1.1" 200 59
DEBUG:urllib3.connectionpool:Starting new HTTPS connection (1): api.wandb.ai:443
DEBUG:urllib3.connectionpool:https://api.wandb.ai:443 "POST /graphql HTTP/1.1" 200 882
DEBUG:urllib3.connectionpool:Starting new HTTPS connection (1): storage.googleapis.com:443
DEBUG:urllib3.connectionpool:https://storage.googleapis.com:443 "GET /wandb-production.appspot.com/orestas41/project-FootballPredict/28ehjqb9/artifact/473391573/wandb_manifest.json?Expires=1685607120&GoogleAccessId=wandb-production%40appspot.gserviceaccount.com&Signature=BePKHJDTMVt80NvCFd3pWZvfvZX2MdeWBhCUFAB3RHtuO6J66lPaZphm%2BzpUewks0eCXxcg3rxAUx1wnhKLeROAbYCMhENUNQKup6Pc3cFo%2Fas%2BpGLFEi489elyaX3B2q%2BZ8U9oINmYHtw8zDOX6CpRuIbaGBZXtExoI%2Byb9n1NjaHBbtOcxCdfH2Gk9UfHJVEtVFEQvfdYQH9lBVFgM%2B3mR0up8g4GCodhI2sIppTKq1UU4b5A7dbdoHKorpiDfF%2BaoFQwX0ByGH9%2BWwsDKGAyqwB2EukZ9eThvHdkyvvbhH4UNjTaOB1QbDILiiF%2BH%2B6smdBjRNhdQ%2F5bAJMxEfA%3D%3D HTTP/1.1" 200 328
DEBUG:urllib3.connectionpool:Starting new HTTPS connection (1): o151352.ingest.sentry.io:443
DEBUG:urllib3.connectionpool:https://o151352.ingest.sentry.io:443 "POST /api/4504800232407040/envelope/ HTTP/1.1" 200 2
DEBUG:git.cmd:Popen(['git', 'rev-parse', '--show-toplevel'], cwd=/home/orestas41/project-FootballPredict/lithuanian-football-league-predictor, universal_newlines=False, shell=None, istream=None)
DEBUG:urllib3.connectionpool:Starting new HTTPS connection (1): api.wandb.ai:443
DEBUG:urllib3.connectionpool:https://api.wandb.ai:443 "POST /graphql HTTP/1.1" 200 1574
DEBUG:urllib3.connectionpool:https://api.wandb.ai:443 "POST /graphql HTTP/1.1" 200 344
DEBUG:git.cmd:Popen(['git', 'cat-file', '--batch-check'], cwd=/home/orestas41/project-FootballPredict/lithuanian-football-league-predictor, universal_newlines=False, shell=None, istream=<valid stream>)
DEBUG:urllib3.connectionpool:Starting new HTTPS connection (1): api.wandb.ai:443
DEBUG:urllib3.connectionpool:https://api.wandb.ai:443 "POST /graphql HTTP/1.1" 200 395
DEBUG:urllib3.connectionpool:Starting new HTTPS connection (1): api.wandb.ai:443
DEBUG:urllib3.connectionpool:https://api.wandb.ai:443 "POST /graphql HTTP/1.1" 200 118
DEBUG:urllib3.connectionpool:https://api.wandb.ai:443 "POST /graphql HTTP/1.1" 200 186
DEBUG:urllib3.connectionpool:https://api.wandb.ai:443 "POST /graphql HTTP/1.1" 200 568
DEBUG:urllib3.connectionpool:Starting new HTTPS connection (1): storage.googleapis.com:443
DEBUG:urllib3.connectionpool:https://storage.googleapis.com:443 "GET /wandb-production.appspot.com/orestas41/project-FootballPredict/28ehjqb9/artifact/473391460/wandb_manifest.json?Expires=1685607162&GoogleAccessId=wandb-production%40appspot.gserviceaccount.com&Signature=IKTJ9mS%2BJbVH1Xq4tCQJeoQHzPgkNu2lWa8ZTvC3AoROvl7WqqSHM3j4I%2FrbFRR%2BIKmsPhIxB0Ur0dkTlln9cta0ZvACIRfkiF%2Fm8EE3JO6ro491sN00dGVYerYGBiuJLNA%2BlnxtAwXI61qO%2B%2BtGVONZ%2BbUYsLr4nbacyQ%2FuaL%2BFy0G%2FAEQMbSzLBQYHJDW6VpZqMgfrkmQBFml2M%2Fq4NPjAGcuxVWMLbjEoV7PkBI1UUeP34RGiqBOIXh899dIcpcbHc3YNHuzlV8aOOygyiDBOYFJSzq27332JfdPzHGHmaMSfVBVmnIzLnjYo7bqf9XIWzc3%2BFpvs%2FpTWgzlsUA%3D%3D HTTP/1.1" 200 329
INFO:root:Number of outcomes: 3
INFO:root:Preparing Linear Regression pipeline
INFO:root:Fitting
INFO:root:Scoring
INFO:root:Score: 0.13662164134291055
INFO:root:MAE: 0.3523086866770942
INFO:root:Exporting model
INFO:root:Saving and exporting the model
DEBUG:urllib3.connectionpool:Starting new HTTPS connection (1): api.wandb.ai:443
DEBUG:urllib3.connectionpool:https://api.wandb.ai:443 "POST /graphql HTTP/1.1" 200 64
DEBUG:urllib3.connectionpool:Starting new HTTPS connection (1): o151352.ingest.sentry.io:443
DEBUG:urllib3.connectionpool:https://o151352.ingest.sentry.io:443 "POST /api/4504800232407040/envelope/ HTTP/1.1" 200 2
DEBUG:git.cmd:Popen(['git', 'rev-parse', '--show-toplevel'], cwd=/home/orestas41/project-FootballPredict/lithuanian-football-league-predictor, universal_newlines=False, shell=None, istream=None)
DEBUG:urllib3.connectionpool:Starting new HTTPS connection (1): api.wandb.ai:443
DEBUG:urllib3.connectionpool:https://api.wandb.ai:443 "POST /graphql HTTP/1.1" 200 1574
DEBUG:urllib3.connectionpool:https://api.wandb.ai:443 "POST /graphql HTTP/1.1" 200 344
DEBUG:git.cmd:Popen(['git', 'cat-file', '--batch-check'], cwd=/home/orestas41/project-FootballPredict/lithuanian-football-league-predictor, universal_newlines=False, shell=None, istream=<valid stream>)
INFO:root:Downloading artifacts
DEBUG:urllib3.connectionpool:Starting new HTTPS connection (1): api.wandb.ai:443
DEBUG:urllib3.connectionpool:https://api.wandb.ai:443 "POST /graphql HTTP/1.1" 200 429
DEBUG:urllib3.connectionpool:Starting new HTTPS connection (1): api.wandb.ai:443
DEBUG:urllib3.connectionpool:https://api.wandb.ai:443 "POST /graphql HTTP/1.1" 200 118
DEBUG:urllib3.connectionpool:https://api.wandb.ai:443 "POST /graphql HTTP/1.1" 200 226
DEBUG:urllib3.connectionpool:https://api.wandb.ai:443 "POST /graphql HTTP/1.1" 200 569
DEBUG:urllib3.connectionpool:Starting new HTTPS connection (1): storage.googleapis.com:443
DEBUG:urllib3.connectionpool:https://storage.googleapis.com:443 "GET /wandb-production.appspot.com/orestas41/project-FootballPredict/5pfv7wz9/artifact/472187444/wandb_manifest.json?Expires=1685607197&GoogleAccessId=wandb-production%40appspot.gserviceaccount.com&Signature=QpMHfCoqJSDxjM50x2FTofjp%2BXpM%2Fby2CzUSNdGe3L5Cob6o2SszneAxM7O4NGwQ4XFAuHkv2sR%2Fqr1uGWbl1HZA6SUr7CaYQfHy1AxR%2Bxwb0B5BQwRh3h2F8ZutaAeha4W4uhJUfvnoT4HE3YpQiYZODPhGhTTBrn%2FeHM4UVFkn4wkGVWKYbIuG9Gbalx%2Fgna6t2Bq%2Fg%2FmBxA%2BZfUf%2FmmUqJ1jHkBRx1qhJtOtq%2F7i0IC51y26eTLLHuhYuu5z%2BZj03DwZsySk1AKrZbFpDc8lDRlX%2FSNEon%2BZSFGo0EyjNjbkYBZhUAZIbI2gPqDEi0g9ebGgYsS%2FR7YzgEnvPtQ%3D%3D HTTP/1.1" 200 831
DEBUG:urllib3.connectionpool:Starting new HTTPS connection (1): api.wandb.ai:443
DEBUG:urllib3.connectionpool:https://api.wandb.ai:443 "POST /graphql HTTP/1.1" 200 390
DEBUG:urllib3.connectionpool:Starting new HTTPS connection (1): api.wandb.ai:443
DEBUG:urllib3.connectionpool:https://api.wandb.ai:443 "POST /graphql HTTP/1.1" 200 118
DEBUG:urllib3.connectionpool:https://api.wandb.ai:443 "POST /graphql HTTP/1.1" 200 185
DEBUG:urllib3.connectionpool:https://api.wandb.ai:443 "POST /graphql HTTP/1.1" 200 561
DEBUG:urllib3.connectionpool:Starting new HTTPS connection (1): storage.googleapis.com:443
DEBUG:urllib3.connectionpool:https://storage.googleapis.com:443 "GET /wandb-production.appspot.com/orestas41/project-FootballPredict/28ehjqb9/artifact/473391573/wandb_manifest.json?Expires=1685607201&GoogleAccessId=wandb-production%40appspot.gserviceaccount.com&Signature=LGzKxO0AYrulLDuKljUbqYuLMOQHJrAUlJech6Xf6qSM6%2BUj0wt3akBFdnWoN94Ezb74eXR6KGJA3i7afKjtNO90NFF4RRHYp7VBaT6N2ZAGLLTeKXCnT%2FH30HLopI8vogPGVj8hWkRpCWnP2H4gxbk4hqMN4RrQRQWeygMb6QgbEsfZvsbpTB4S6W4G928%2Fvs47RR%2BZsi%2BXb04I5vZ8rQXNeGSPWyMOYh6EgEHj0yyZ%2BUpzLEex6FpPu5WWbLz5Ud4a2FK%2Bmu%2ByLSYVtAwTr33lgIBfCS00aE8l2qH%2FcEqYLeuInyl9za4g1XjR8ZymUPyYRONsZS4tb8uhrZVtzw%3D%3D HTTP/1.1" 200 328
INFO:root:Loading model and performing inference on test set
INFO:root:Scoring
INFO:root:Score: 0.11848126195325426
INFO:root:MAE: 0.3715775847316459
INFO:root:MAE of slices: {0.0: 0.21739130434782608, 0.5: 0.5, 1.0: 0.4230769230769231}
INFO:root:Raw comparison: False
INFO:root:Parametric significance: False
INFO:root:Non-parametric outlier: False
DEBUG:urllib3.connectionpool:Starting new HTTPS connection (1): o151352.ingest.sentry.io:443
DEBUG:urllib3.connectionpool:https://o151352.ingest.sentry.io:443 "POST /api/4504800232407040/envelope/ HTTP/1.1" 200 2
INFO:root:6 - Running model testing step
INFO:root:Downloading artifacts
INFO:root:Loading model and performing inference on test set
INFO:root:Scoring
INFO:root:Running data slice tests
INFO:root:Score: 0.11848126195325426
INFO:root:MAE: 0.3715775847316459
INFO:root:MAE of slices: {0.0: 0.37236954947254514, 0.5: 0.15114038044180877, 1.0: 0.49346284160247744}
INFO:root:Raw comparison: False
INFO:root:Parametric significance: False
INFO:root:Non-parametric outlier: False
INFO:root:Finished testing the model
INFO:root:6 - Running model testing step
INFO:root:Downloading artifacts
INFO:root:Loading model and performing inference on test set
INFO:root:Scoring
INFO:root:Running data slice tests
INFO:root:Saving the latest model performance metrics and regenerating figures
INFO:matplotlib.category:Using categorical units to plot a list of strings that are all parsable as floats or dates. If these strings should be plotted as numbers, cast to the appropriate data type before plotting.
INFO:matplotlib.category:Using categorical units to plot a list of strings that are all parsable as floats or dates. If these strings should be plotted as numbers, cast to the appropriate data type before plotting.
INFO:matplotlib.category:Using categorical units to plot a list of strings that are all parsable as floats or dates. If these strings should be plotted as numbers, cast to the appropriate data type before plotting.
INFO:matplotlib.category:Using categorical units to plot a list of strings that are all parsable as floats or dates. If these strings should be plotted as numbers, cast to the appropriate data type before plotting.
INFO:matplotlib.category:Using categorical units to plot a list of strings that are all parsable as floats or dates. If these strings should be plotted as numbers, cast to the appropriate data type before plotting.
INFO:matplotlib.category:Using categorical units to plot a list of strings that are all parsable as floats or dates. If these strings should be plotted as numbers, cast to the appropriate data type before plotting.
INFO:matplotlib.category:Using categorical units to plot a list of strings that are all parsable as floats or dates. If these strings should be plotted as numbers, cast to the appropriate data type before plotting.
INFO:matplotlib.category:Using categorical units to plot a list of strings that are all parsable as floats or dates. If these strings should be plotted as numbers, cast to the appropriate data type before plotting.
INFO:root:Score: 0.11848126195325426
INFO:root:MAE: 0.3715775847316459
INFO:root:MAE of slices: {0.0: 0.37236954947254514, 0.5: 0.15114038044180877, 1.0: 0.49346284160247744}
INFO:root:Raw comparison: False
INFO:root:Parametric significance: False
INFO:root:Non-parametric outlier: False
INFO:root:Finished testing the model
INFO:root:6 - Running model testing step
INFO:root:Downloading artifacts
INFO:root:Loading model and performing inference on test set
INFO:root:Scoring
INFO:root:Running data slice tests
INFO:root:Saving the latest model performance metrics and regenerating figures
INFO:matplotlib.category:Using categorical units to plot a list of strings that are all parsable as floats or dates. If these strings should be plotted as numbers, cast to the appropriate data type before plotting.
INFO:matplotlib.category:Using categorical units to plot a list of strings that are all parsable as floats or dates. If these strings should be plotted as numbers, cast to the appropriate data type before plotting.
INFO:matplotlib.category:Using categorical units to plot a list of strings that are all parsable as floats or dates. If these strings should be plotted as numbers, cast to the appropriate data type before plotting.
INFO:matplotlib.category:Using categorical units to plot a list of strings that are all parsable as floats or dates. If these strings should be plotted as numbers, cast to the appropriate data type before plotting.
INFO:root:Score: 0.11848126195325426
INFO:root:MAE: 0.3715775847316459
INFO:root:MAE of slices: {0.0: 0.37236954947254514, 0.5: 0.15114038044180877, 1.0: 0.49346284160247744}
INFO:root:Raw comparison: False
INFO:root:Parametric significance: False
INFO:root:Non-parametric outlier: False
INFO:root:Finished testing the model
INFO:root:6 - Running model testing step
INFO:root:Downloading artifacts
INFO:root:Loading model and performing inference on test set
INFO:root:Scoring
INFO:root:Running data slice tests
INFO:root:Saving the latest model performance metrics and regenerating figures
INFO:matplotlib.category:Using categorical units to plot a list of strings that are all parsable as floats or dates. If these strings should be plotted as numbers, cast to the appropriate data type before plotting.
INFO:matplotlib.category:Using categorical units to plot a list of strings that are all parsable as floats or dates. If these strings should be plotted as numbers, cast to the appropriate data type before plotting.
INFO:matplotlib.category:Using categorical units to plot a list of strings that are all parsable as floats or dates. If these strings should be plotted as numbers, cast to the appropriate data type before plotting.
INFO:matplotlib.category:Using categorical units to plot a list of strings that are all parsable as floats or dates. If these strings should be plotted as numbers, cast to the appropriate data type before plotting.
INFO:root:Score: 0.11848126195325426
INFO:root:MAE: 0.3715775847316459
INFO:root:MAE of slices: {0.0: 0.37236954947254514, 0.5: 0.15114038044180877, 1.0: 0.49346284160247744}
INFO:root:Raw comparison: False
INFO:root:Parametric significance: False
INFO:root:Non-parametric outlier: False
INFO:root:Finished testing the model
