DEBUG:git.cmd:Popen(['git', 'rev-parse', '--show-toplevel'], cwd=/home/orestas41/project-FootballPredict/lithuanian-football-league-predictor, universal_newlines=False, shell=None, istream=None)
DEBUG:urllib3.connectionpool:Starting new HTTPS connection (1): api.wandb.ai:443
DEBUG:urllib3.connectionpool:https://api.wandb.ai:443 "POST /graphql HTTP/1.1" 200 None
DEBUG:urllib3.connectionpool:https://api.wandb.ai:443 "POST /graphql HTTP/1.1" 200 None
DEBUG:git.cmd:Popen(['git', 'cat-file', '--batch-check'], cwd=/home/orestas41/project-FootballPredict/lithuanian-football-league-predictor, universal_newlines=False, shell=None, istream=<valid stream>)
INFO:root:Merging multiple dataframes
INFO:root:Creating dataframe
INFO:root:Removeing rows with missing values
INFO:root:Converting Date column into datetime format
INFO:root:Sorting dataframe by date
INFO:root:Setting Date column as index
INFO:root:Checking if teams are correct. Changing if incorrect
INFO:root:Checking the teams are on the correct side. Changing if incorrect
INFO:root:Converting Results columns into separate columns for Home and Away goals
INFO:root:Encoding unique strings
INFO:root:Creating Winner column with the team that won or draw
INFO:root:Dropping unnecessary columns
INFO:root:Saving dataframe as a csv file
INFO:root:Uploading trainingdata.csv file to W&B
DEBUG:urllib3.connectionpool:Starting new HTTPS connection (1): api.wandb.ai:443
DEBUG:urllib3.connectionpool:https://api.wandb.ai:443 "POST /graphql HTTP/1.1" 200 None
DEBUG:urllib3.connectionpool:Starting new HTTPS connection (1): o151352.ingest.sentry.io:443
DEBUG:urllib3.connectionpool:https://o151352.ingest.sentry.io:443 "POST /api/4504800232407040/envelope/ HTTP/1.1" 200 2
DEBUG:git.cmd:Popen(['git', 'rev-parse', '--show-toplevel'], cwd=/home/orestas41/project-FootballPredict/lithuanian-football-league-predictor, universal_newlines=False, shell=None, istream=None)
DEBUG:urllib3.connectionpool:Starting new HTTPS connection (1): api.wandb.ai:443
DEBUG:urllib3.connectionpool:https://api.wandb.ai:443 "POST /graphql HTTP/1.1" 200 None
DEBUG:urllib3.connectionpool:https://api.wandb.ai:443 "POST /graphql HTTP/1.1" 200 None
DEBUG:git.cmd:Popen(['git', 'cat-file', '--batch-check'], cwd=/home/orestas41/project-FootballPredict/lithuanian-football-league-predictor, universal_newlines=False, shell=None, istream=<valid stream>)
INFO:root:Merging multiple dataframes
INFO:root:Creating dataframe
INFO:root:Removeing rows with missing values
INFO:root:Converting Date column into datetime format
INFO:root:Sorting dataframe by date
INFO:root:Setting Date column as index
INFO:root:Checking if teams are correct. Changing if incorrect
INFO:root:Checking the teams are on the correct side. Changing if incorrect
INFO:root:Converting Results columns into separate columns for Home and Away goals
INFO:root:Encoding unique strings
INFO:root:Creating Winner column with the team that won or draw
INFO:root:Dropping unnecessary columns
INFO:root:Saving dataframe as a csv file
INFO:root:Uploading trainingdata.csv file to W&B
DEBUG:urllib3.connectionpool:Starting new HTTPS connection (1): api.wandb.ai:443
DEBUG:urllib3.connectionpool:https://api.wandb.ai:443 "POST /graphql HTTP/1.1" 200 None
DEBUG:urllib3.connectionpool:Starting new HTTPS connection (1): o151352.ingest.sentry.io:443
DEBUG:urllib3.connectionpool:https://o151352.ingest.sentry.io:443 "POST /api/4504800232407040/envelope/ HTTP/1.1" 200 2
